<?xml version="1.0" encoding="UTF-8"?>
<!-- Generated by org.testng.reporters.JUnitReportReporter -->
<testsuite hostname="garuda" failures="0" tests="1" name="testNg2.RedBus" time="23.378" errors="0" timestamp="2024-12-28T11:02:13 IST" skipped="0">
  <testcase classname="testNg2.RedBus" name="redbus" time="23.378"/>
  <system-out/>
</testsuite> <!-- testNg2.RedBus -->
