<?xml version="1.0" encoding="UTF-8"?>
<!-- Generated by org.testng.reporters.JUnitReportReporter -->
<testsuite hostname="garuda" failures="0" tests="1" name="TestCases.demoTestCAse" time="26.600" errors="0" timestamp="2024-12-28T01:29:55 IST" skipped="0">
  <testcase classname="TestCases.demoTestCAse" name="main" time="26.600"/>
  <system-out/>
</testsuite> <!-- TestCases.demoTestCAse -->
