<?xml version="1.0" encoding="UTF-8"?>
<!-- Generated by org.testng.reporters.JUnitReportReporter -->
<testsuite hostname="garuda" failures="0" tests="1" name="com.crm.AdvancA9Basic.ChronologicalOrderOfConfigurationAnnotation" time="0.018" errors="0" timestamp="2024-12-28T11:57:57 IST" skipped="0">
  <testcase classname="com.crm.AdvancA9Basic.ChronologicalOrderOfConfigurationAnnotation" name="Test1" time="0.018"/>
  <system-out/>
</testsuite> <!-- com.crm.AdvancA9Basic.ChronologicalOrderOfConfigurationAnnotation -->
