<?xml version="1.0" encoding="UTF-8"?>
<!-- Generated by org.testng.reporters.JUnitReportReporter -->
<testsuite hostname="garuda" failures="0" tests="1" name="batchExecution.TestCase5SocialLinks" time="27.268" errors="0" timestamp="2024-12-29T18:33:24 IST" skipped="0">
  <testcase classname="batchExecution.TestCase5SocialLinks" name="main" time="27.268"/>
  <system-out/>
</testsuite> <!-- batchExecution.TestCase5SocialLinks -->
