<?xml version="1.0" encoding="UTF-8"?>
<!-- Generated by org.testng.reporters.JUnitReportReporter -->
<testsuite hostname="garuda" failures="0" tests="1" name="testNg1.RoyalEnfield" time="61.727" errors="0" timestamp="2024-12-28T11:02:13 IST" skipped="0">
  <testcase classname="testNg1.RoyalEnfield" name="Royalenfield" time="61.727"/>
  <system-out/>
</testsuite> <!-- testNg1.RoyalEnfield -->
