<?xml version="1.0" encoding="UTF-8"?>
<!-- Generated by org.testng.reporters.JUnitReportReporter -->
<testsuite hostname="garuda" failures="0" tests="1" name="Assertion.HardAssertMethod" time="13.922" errors="0" timestamp="2025-01-02T11:43:15 IST" skipped="0">
  <testcase classname="Assertion.HardAssertMethod" name="main" time="13.922"/>
  <system-out/>
</testsuite> <!-- Assertion.HardAssertMethod -->
