<?xml version="1.0" encoding="UTF-8"?>
<!-- Generated by org.testng.reporters.JUnitReportReporter -->
<testsuite hostname="garuda" failures="0" tests="1" name="testNg1.Honda" time="40.623" errors="0" timestamp="2024-12-28T11:02:13 IST" skipped="0">
  <testcase classname="testNg1.Honda" name="honda" time="40.623"/>
  <system-out/>
</testsuite> <!-- testNg1.Honda -->
