<?xml version="1.0" encoding="UTF-8"?>
<!-- Generated by org.testng.reporters.JUnitReportReporter -->
<testsuite hostname="garuda" failures="0" tests="1" name="testNg2.Qspiders" time="25.496" errors="0" timestamp="2024-12-28T11:02:13 IST" skipped="0">
  <testcase classname="testNg2.Qspiders" name="qspiders" time="25.496"/>
  <system-out/>
</testsuite> <!-- testNg2.Qspiders -->
