<?xml version="1.0" encoding="UTF-8"?>
<!-- Generated by org.testng.reporters.JUnitReportReporter -->
<testsuite hostname="garuda" failures="0" tests="1" name="batchExecution.DWSGiftCards" time="30.698" errors="0" timestamp="2024-12-27T23:28:47 IST" skipped="0">
  <testcase classname="batchExecution.DWSGiftCards" name="giftCards" time="30.698"/>
  <system-out/>
</testsuite> <!-- batchExecution.DWSGiftCards -->
