<?xml version="1.0" encoding="UTF-8"?>
<!-- Generated by org.testng.reporters.JUnitReportReporter -->
<testsuite hostname="garuda" failures="0" tests="2" name="DataProviderAnnotation.LoginFunction" time="30.317" errors="0" timestamp="2024-12-31T11:24:59 IST" skipped="0">
  <testcase classname="DataProviderAnnotation.LoginFunction" name="receiver" time="10.570"/>
  <system-out/>
  <testcase classname="DataProviderAnnotation.LoginFunction" name="receiver" time="19.747"/>
  <system-out/>
</testsuite> <!-- DataProviderAnnotation.LoginFunction -->
