<?xml version="1.0" encoding="UTF-8"?>
<!-- Generated by org.testng.reporters.JUnitReportReporter -->
<testsuite hostname="garuda" failures="0" tests="3" name="com.crm.AdvancA9.Dependency" time="0.027" errors="0" timestamp="2024-12-24T20:16:23 IST" skipped="0">
  <testcase classname="com.crm.AdvancA9.Dependency" name="modifyAccount" time="0.003"/>
  <system-out/>
  <testcase classname="com.crm.AdvancA9.Dependency" name="deleteAccount" time="0.003"/>
  <system-out/>
  <testcase classname="com.crm.AdvancA9.Dependency" name="createAccount" time="0.021"/>
  <system-out/>
</testsuite> <!-- com.crm.AdvancA9.Dependency -->
