<?xml version="1.0" encoding="UTF-8"?>
<!-- Generated by org.testng.reporters.JUnitReportReporter -->
<testsuite hostname="garuda" failures="0" tests="1" name="TestCases.TestCase4" time="21.944" errors="0" timestamp="2024-12-28T01:29:55 IST" skipped="0">
  <testcase classname="TestCases.TestCase4" name="main" time="21.944"/>
  <system-out/>
</testsuite> <!-- TestCases.TestCase4 -->
