<?xml version="1.0" encoding="UTF-8"?>
<!-- Generated by org.testng.reporters.JUnitReportReporter -->
<testsuite hostname="garuda" failures="0" tests="3" name="Assignment.EvenOddFromExcel" time="0.033" errors="0" timestamp="2025-01-01T23:27:41 IST" skipped="0">
  <testcase classname="Assignment.EvenOddFromExcel" name="testEvenOdd" time="0.027"/>
  <system-out/>
  <testcase classname="Assignment.EvenOddFromExcel" name="testEvenOdd" time="0.003"/>
  <system-out/>
  <testcase classname="Assignment.EvenOddFromExcel" name="testEvenOdd" time="0.003"/>
  <system-out/>
</testsuite> <!-- Assignment.EvenOddFromExcel -->
