<?xml version="1.0" encoding="UTF-8"?>
<!-- Generated by org.testng.reporters.JUnitReportReporter -->
<testsuite hostname="garuda" failures="0" tests="1" name="TestCases.TestCase5" time="49.411" errors="0" timestamp="2024-12-29T18:17:35 IST" skipped="0">
  <testcase classname="TestCases.TestCase5" name="main" time="49.411"/>
  <system-out/>
</testsuite> <!-- TestCases.TestCase5 -->
