<?xml version="1.0" encoding="UTF-8"?>
<!-- Generated by org.testng.reporters.JUnitReportReporter -->
<testsuite hostname="garuda" failures="0" tests="1" name="TestCases.TestCase2" time="36.726" errors="0" timestamp="2024-12-29T18:09:22 IST" skipped="0">
  <testcase classname="TestCases.TestCase2" name="main" time="36.726"/>
  <system-out/>
</testsuite> <!-- TestCases.TestCase2 -->
