<?xml version="1.0" encoding="UTF-8"?>
<!-- Generated by org.testng.reporters.JUnitReportReporter -->
<testsuite hostname="garuda" failures="0" tests="1" name="batchExecution.DWSGiftCardsTestCase1" time="24.199" errors="0" timestamp="2024-12-29T18:33:24 IST" skipped="0">
  <testcase classname="batchExecution.DWSGiftCardsTestCase1" name="giftCards" time="24.199"/>
  <system-out/>
</testsuite> <!-- batchExecution.DWSGiftCardsTestCase1 -->
