<?xml version="1.0" encoding="UTF-8"?>
<!-- Generated by org.testng.reporters.JUnitReportReporter -->
<testsuite hostname="garuda" failures="0" tests="1" name="batchExecution.TestCase6LinksTwitter" time="21.926" errors="0" timestamp="2024-12-29T18:33:24 IST" skipped="0">
  <testcase classname="batchExecution.TestCase6LinksTwitter" name="main" time="21.926"/>
  <system-out/>
</testsuite> <!-- batchExecution.TestCase6LinksTwitter -->
