<?xml version="1.0" encoding="UTF-8"?>
<!-- Generated by org.testng.reporters.JUnitReportReporter -->
<testsuite hostname="garuda" failures="0" tests="1" name="com.crm.AdvancA9.Basic" time="58.547" errors="0" timestamp="2024-12-24T19:38:47 IST" skipped="0">
  <testcase classname="com.crm.AdvancA9.Basic" name="dws" time="58.547"/>
  <system-out/>
</testsuite> <!-- com.crm.AdvancA9.Basic -->
