<?xml version="1.0" encoding="UTF-8"?>
<!-- Generated by org.testng.reporters.JUnitReportReporter -->
<testsuite hostname="garuda" failures="0" tests="2" name="DataProviderAnnotation.LoginReadFromexcel" time="26.650" errors="0" timestamp="2024-12-31T11:53:05 IST" skipped="0">
  <testcase classname="DataProviderAnnotation.LoginReadFromexcel" name="receiver" time="11.061"/>
  <system-out/>
  <testcase classname="DataProviderAnnotation.LoginReadFromexcel" name="receiver" time="15.589"/>
  <system-out/>
</testsuite> <!-- DataProviderAnnotation.LoginReadFromexcel -->
