<?xml version="1.0" encoding="UTF-8"?>
<!-- Generated by org.testng.reporters.JUnitReportReporter -->
<testsuite hostname="garuda" failures="0" tests="1" name="TestCases.TestCase6" time="45.446" errors="0" timestamp="2024-12-29T18:25:05 IST" skipped="0">
  <testcase classname="TestCases.TestCase6" name="main" time="45.446"/>
  <system-out/>
</testsuite> <!-- TestCases.TestCase6 -->
