<?xml version="1.0" encoding="UTF-8"?>
<!-- Generated by org.testng.reporters.JUnitReportReporter -->
<testsuite hostname="garuda" failures="0" tests="1" name="testNg1.DWS" time="21.464" errors="0" timestamp="2024-12-28T11:02:13 IST" skipped="0">
  <testcase classname="testNg1.DWS" name="dws" time="21.464"/>
  <system-out/>
</testsuite> <!-- testNg1.DWS -->
