<?xml version="1.0" encoding="UTF-8"?>
<!-- Generated by org.testng.reporters.JUnitReportReporter -->
<testsuite hostname="garuda" failures="0" tests="3" name="Assignment.PrimeFromExcel" time="0.030" errors="0" timestamp="2025-01-01T23:35:28 IST" skipped="0">
  <testcase classname="Assignment.PrimeFromExcel" name="testEvenOddPrime" time="0.025"/>
  <system-out/>
  <testcase classname="Assignment.PrimeFromExcel" name="testEvenOddPrime" time="0.002"/>
  <system-out/>
  <testcase classname="Assignment.PrimeFromExcel" name="testEvenOddPrime" time="0.003"/>
  <system-out/>
</testsuite> <!-- Assignment.PrimeFromExcel -->
